{
  "stats": {
    "suites": 1,
    "tests": 1,
    "passes": 1,
    "pending": 0,
    "failures": 0,
    "start": "2022-03-19T10:22:51.359Z",
    "end": "2022-03-19T10:22:56.186Z",
    "duration": 4827,
    "testsRegistered": 1,
    "passPercent": 100,
    "pendingPercent": 0,
    "other": 0,
    "hasOther": false,
    "skipped": 0,
    "hasSkipped": false
  },
  "results": [
    {
      "uuid": "d04e7095-4693-4bb1-bf4a-034f86480471",
      "title": "",
      "fullFile": "cypress/integration/e2eAsset.feature",
      "file": "cypress/integration/e2eAsset.feature",
      "beforeHooks": [],
      "afterHooks": [],
      "tests": [],
      "suites": [
        {
          "uuid": "b84c5d46-173b-4f5f-a81b-67539902bd9f",
          "title": "Search Existing Asset feature",
          "fullFile": "",
          "file": "",
          "beforeHooks": [],
          "afterHooks": [],
          "tests": [
            {
              "title": "Search for an Asset",
              "fullTitle": "Search Existing Asset feature Search for an Asset",
              "timedOut": null,
              "duration": 4700,
              "state": "passed",
              "speed": "fast",
              "pass": true,
              "fail": false,
              "pending": false,
              "context": null,
              "code": "const state = window.testState;\nreturn cy\n  .then(() => state.onStartScenario(scenario, indexedSteps))\n  .then(() =>\n    resolveAndRunBeforeHooks.call(this, scenario.tags, state.feature.name)\n  )\n  .then(() =>\n    indexedSteps.forEach((step) =>\n      stepTest.call(this, state, step, rowData)\n    )\n  )\n  .then(() =>\n    resolveAndRunAfterHooks.call(this, scenario.tags, state.feature.name)\n  )\n  .then(() => state.onFinishScenario(scenario));",
              "err": {},
              "uuid": "c5cb6b79-c629-4ecc-83d0-6de74dbd370b",
              "parentUUID": "b84c5d46-173b-4f5f-a81b-67539902bd9f",
              "isHook": false,
              "skipped": false
            }
          ],
          "suites": [],
          "passes": [
            "c5cb6b79-c629-4ecc-83d0-6de74dbd370b"
          ],
          "failures": [],
          "pending": [],
          "skipped": [],
          "duration": 4700,
          "root": false,
          "rootEmpty": false,
          "_timeout": 2000
        }
      ],
      "passes": [],
      "failures": [],
      "pending": [],
      "skipped": [],
      "duration": 0,
      "root": true,
      "rootEmpty": true,
      "_timeout": 2000
    }
  ],
  "meta": {
    "mocha": {
      "version": "7.0.1"
    },
    "mochawesome": {
      "options": {
        "quiet": false,
        "reportFilename": "mochawesome",
        "saveHtml": false,
        "saveJson": true,
        "consoleReporter": "spec",
        "useInlineDiffs": false,
        "code": true
      },
      "version": "7.1.2"
    },
    "marge": {
      "options": {
        "overwrite": false,
        "html": false,
        "json": true,
        "screenshotsFolder": "images",
        "reportDir": "cypress\\reports\\html\\.jsons"
      },
      "version": "6.1.1"
    }
  }
}