{
  "stats": {
    "suites": 1,
    "tests": 1,
    "passes": 1,
    "pending": 0,
    "failures": 0,
    "start": "2022-03-19T10:23:14.900Z",
    "end": "2022-03-19T10:23:18.495Z",
    "duration": 3595,
    "testsRegistered": 1,
    "passPercent": 100,
    "pendingPercent": 0,
    "other": 0,
    "hasOther": false,
    "skipped": 0,
    "hasSkipped": false
  },
  "results": [
    {
      "uuid": "cc4c0421-aa31-4c10-adf3-53c2610346d7",
      "title": "",
      "fullFile": "cypress/integration/existingAssets.feature",
      "file": "cypress/integration/existingAssets.feature",
      "beforeHooks": [],
      "afterHooks": [],
      "tests": [],
      "suites": [
        {
          "uuid": "8dbbaf55-cc98-4c47-86a4-b4745ced6ab5",
          "title": "Search Existing Asset feature",
          "fullFile": "",
          "file": "",
          "beforeHooks": [],
          "afterHooks": [],
          "tests": [
            {
              "title": "Examine show entries",
              "fullTitle": "Search Existing Asset feature Examine show entries",
              "timedOut": null,
              "duration": 3523,
              "state": "passed",
              "speed": "fast",
              "pass": true,
              "fail": false,
              "pending": false,
              "context": null,
              "code": "const state = window.testState;\nreturn cy\n  .then(() => state.onStartScenario(scenario, indexedSteps))\n  .then(() =>\n    resolveAndRunBeforeHooks.call(this, scenario.tags, state.feature.name)\n  )\n  .then(() =>\n    indexedSteps.forEach((step) =>\n      stepTest.call(this, state, step, rowData)\n    )\n  )\n  .then(() =>\n    resolveAndRunAfterHooks.call(this, scenario.tags, state.feature.name)\n  )\n  .then(() => state.onFinishScenario(scenario));",
              "err": {},
              "uuid": "627e47a2-51e0-4818-b395-45c09d3a4b59",
              "parentUUID": "8dbbaf55-cc98-4c47-86a4-b4745ced6ab5",
              "isHook": false,
              "skipped": false
            }
          ],
          "suites": [],
          "passes": [
            "627e47a2-51e0-4818-b395-45c09d3a4b59"
          ],
          "failures": [],
          "pending": [],
          "skipped": [],
          "duration": 3523,
          "root": false,
          "rootEmpty": false,
          "_timeout": 2000
        }
      ],
      "passes": [],
      "failures": [],
      "pending": [],
      "skipped": [],
      "duration": 0,
      "root": true,
      "rootEmpty": true,
      "_timeout": 2000
    }
  ],
  "meta": {
    "mocha": {
      "version": "7.0.1"
    },
    "mochawesome": {
      "options": {
        "quiet": false,
        "reportFilename": "mochawesome",
        "saveHtml": false,
        "saveJson": true,
        "consoleReporter": "spec",
        "useInlineDiffs": false,
        "code": true
      },
      "version": "7.1.2"
    },
    "marge": {
      "options": {
        "overwrite": false,
        "html": false,
        "json": true,
        "screenshotsFolder": "images",
        "reportDir": "cypress\\reports\\html\\.jsons"
      },
      "version": "6.1.1"
    }
  }
}