{
  "stats": {
    "suites": 1,
    "tests": 4,
    "passes": 4,
    "pending": 0,
    "failures": 0,
    "start": "2022-03-19T10:22:36.055Z",
    "end": "2022-03-19T10:22:44.790Z",
    "duration": 8735,
    "testsRegistered": 4,
    "passPercent": 100,
    "pendingPercent": 0,
    "other": 0,
    "hasOther": false,
    "skipped": 0,
    "hasSkipped": false
  },
  "results": [
    {
      "uuid": "72667c17-a42f-4020-865a-88211b3765c0",
      "title": "",
      "fullFile": "cypress/integration/addAsset.feature",
      "file": "cypress/integration/addAsset.feature",
      "beforeHooks": [],
      "afterHooks": [],
      "tests": [],
      "suites": [
        {
          "uuid": "909cd9c2-03e1-49cf-be6a-97107f6b7f6a",
          "title": "Add Asset feature",
          "fullFile": "",
          "file": "",
          "beforeHooks": [],
          "afterHooks": [],
          "tests": [
            {
              "title": "Add invalid asset",
              "fullTitle": "Add Asset feature Add invalid asset",
              "timedOut": null,
              "duration": 2830,
              "state": "passed",
              "speed": "fast",
              "pass": true,
              "fail": false,
              "pending": false,
              "context": null,
              "code": "const state = window.testState;\nreturn cy\n  .then(() => state.onStartScenario(scenario, indexedSteps))\n  .then(() =>\n    resolveAndRunBeforeHooks.call(this, scenario.tags, state.feature.name)\n  )\n  .then(() =>\n    indexedSteps.forEach((step) =>\n      stepTest.call(this, state, step, rowData)\n    )\n  )\n  .then(() =>\n    resolveAndRunAfterHooks.call(this, scenario.tags, state.feature.name)\n  )\n  .then(() => state.onFinishScenario(scenario));",
              "err": {},
              "uuid": "3cbd41a4-0567-4d4d-8061-93529d4e3c20",
              "parentUUID": "909cd9c2-03e1-49cf-be6a-97107f6b7f6a",
              "isHook": false,
              "skipped": false
            },
            {
              "title": "Add no asset",
              "fullTitle": "Add Asset feature Add no asset",
              "timedOut": null,
              "duration": 621,
              "state": "passed",
              "speed": "fast",
              "pass": true,
              "fail": false,
              "pending": false,
              "context": null,
              "code": "const state = window.testState;\nreturn cy\n  .then(() => state.onStartScenario(scenario, indexedSteps))\n  .then(() =>\n    resolveAndRunBeforeHooks.call(this, scenario.tags, state.feature.name)\n  )\n  .then(() =>\n    indexedSteps.forEach((step) =>\n      stepTest.call(this, state, step, rowData)\n    )\n  )\n  .then(() =>\n    resolveAndRunAfterHooks.call(this, scenario.tags, state.feature.name)\n  )\n  .then(() => state.onFinishScenario(scenario));",
              "err": {},
              "uuid": "3df42533-7be8-4685-9692-2168190daa1c",
              "parentUUID": "909cd9c2-03e1-49cf-be6a-97107f6b7f6a",
              "isHook": false,
              "skipped": false
            },
            {
              "title": "Add valid asset",
              "fullTitle": "Add Asset feature Add valid asset",
              "timedOut": null,
              "duration": 1750,
              "state": "passed",
              "speed": "fast",
              "pass": true,
              "fail": false,
              "pending": false,
              "context": null,
              "code": "const state = window.testState;\nreturn cy\n  .then(() => state.onStartScenario(scenario, indexedSteps))\n  .then(() =>\n    resolveAndRunBeforeHooks.call(this, scenario.tags, state.feature.name)\n  )\n  .then(() =>\n    indexedSteps.forEach((step) =>\n      stepTest.call(this, state, step, rowData)\n    )\n  )\n  .then(() =>\n    resolveAndRunAfterHooks.call(this, scenario.tags, state.feature.name)\n  )\n  .then(() => state.onFinishScenario(scenario));",
              "err": {},
              "uuid": "2e38b803-8ba3-410b-9643-be476459f14a",
              "parentUUID": "909cd9c2-03e1-49cf-be6a-97107f6b7f6a",
              "isHook": false,
              "skipped": false
            },
            {
              "title": "Add duplicate asset",
              "fullTitle": "Add Asset feature Add duplicate asset",
              "timedOut": null,
              "duration": 3390,
              "state": "passed",
              "speed": "fast",
              "pass": true,
              "fail": false,
              "pending": false,
              "context": null,
              "code": "const state = window.testState;\nreturn cy\n  .then(() => state.onStartScenario(scenario, indexedSteps))\n  .then(() =>\n    resolveAndRunBeforeHooks.call(this, scenario.tags, state.feature.name)\n  )\n  .then(() =>\n    indexedSteps.forEach((step) =>\n      stepTest.call(this, state, step, rowData)\n    )\n  )\n  .then(() =>\n    resolveAndRunAfterHooks.call(this, scenario.tags, state.feature.name)\n  )\n  .then(() => state.onFinishScenario(scenario));",
              "err": {},
              "uuid": "c850a89c-623b-48d2-962d-569061eca295",
              "parentUUID": "909cd9c2-03e1-49cf-be6a-97107f6b7f6a",
              "isHook": false,
              "skipped": false
            }
          ],
          "suites": [],
          "passes": [
            "3cbd41a4-0567-4d4d-8061-93529d4e3c20",
            "3df42533-7be8-4685-9692-2168190daa1c",
            "2e38b803-8ba3-410b-9643-be476459f14a",
            "c850a89c-623b-48d2-962d-569061eca295"
          ],
          "failures": [],
          "pending": [],
          "skipped": [],
          "duration": 8591,
          "root": false,
          "rootEmpty": false,
          "_timeout": 2000
        }
      ],
      "passes": [],
      "failures": [],
      "pending": [],
      "skipped": [],
      "duration": 0,
      "root": true,
      "rootEmpty": true,
      "_timeout": 2000
    }
  ],
  "meta": {
    "mocha": {
      "version": "7.0.1"
    },
    "mochawesome": {
      "options": {
        "quiet": false,
        "reportFilename": "mochawesome",
        "saveHtml": false,
        "saveJson": true,
        "consoleReporter": "spec",
        "useInlineDiffs": false,
        "code": true
      },
      "version": "7.1.2"
    },
    "marge": {
      "options": {
        "overwrite": false,
        "html": false,
        "json": true,
        "screenshotsFolder": "images",
        "reportDir": "cypress\\reports\\html\\.jsons"
      },
      "version": "6.1.1"
    }
  }
}